[0.007s] Invoking command in '/home/navbot/dev_ws/build/my_bot': CMAKE_PREFIX_PATH=${CMAKE_PREFIX_PATH}:/opt/ros/jazzy DEBUGINFOD_URLS=https://debuginfod.ubuntu.com /usr/bin/cmake --build /home/navbot/dev_ws/build/my_bot -- -j8 -l8
[0.035s] Invoked command in '/home/navbot/dev_ws/build/my_bot' returned '0': CMAKE_PREFIX_PATH=${CMAKE_PREFIX_PATH}:/opt/ros/jazzy DEBUGINFOD_URLS=https://debuginfod.ubuntu.com /usr/bin/cmake --build /home/navbot/dev_ws/build/my_bot -- -j8 -l8
[0.042s] Invoking command in '/home/navbot/dev_ws/build/my_bot': CMAKE_PREFIX_PATH=${CMAKE_PREFIX_PATH}:/opt/ros/jazzy DEBUGINFOD_URLS=https://debuginfod.ubuntu.com /usr/bin/cmake --install /home/navbot/dev_ws/build/my_bot
[0.048s] -- Install configuration: ""
[0.048s] -- Execute custom install script
[0.048s] -- Up-to-date symlink: /home/navbot/dev_ws/install/my_bot/share/my_bot/config/amcl_params.yaml
[0.049s] -- Up-to-date symlink: /home/navbot/dev_ws/install/my_bot/share/my_bot/config/empty.yaml
[0.049s] -- Up-to-date symlink: /home/navbot/dev_ws/install/my_bot/share/my_bot/config/gz_bridge.yaml
[0.049s] -- Up-to-date symlink: /home/navbot/dev_ws/install/my_bot/share/my_bot/config/slam.rviz
[0.049s] -- Up-to-date symlink: /home/navbot/dev_ws/install/my_bot/share/my_bot/config/slam_toolbox_params.yaml
[0.049s] -- Up-to-date symlink: /home/navbot/dev_ws/install/my_bot/share/my_bot/description/gazebo_control.xacro
[0.049s] -- Up-to-date symlink: /home/navbot/dev_ws/install/my_bot/share/my_bot/description/inertial_macros.xacro
[0.049s] -- Up-to-date symlink: /home/navbot/dev_ws/install/my_bot/share/my_bot/description/lidar.xacro
[0.049s] -- Up-to-date symlink: /home/navbot/dev_ws/install/my_bot/share/my_bot/description/robot.urdf.xacro
[0.049s] -- Up-to-date symlink: /home/navbot/dev_ws/install/my_bot/share/my_bot/description/robot_core.xacro
[0.049s] -- Up-to-date symlink: /home/navbot/dev_ws/install/my_bot/share/my_bot/launch/launch_sim.launch.py
[0.050s] -- Up-to-date symlink: /home/navbot/dev_ws/install/my_bot/share/my_bot/launch/localization.launch.py
[0.050s] -- Up-to-date symlink: /home/navbot/dev_ws/install/my_bot/share/my_bot/launch/rsp.launch.py
[0.050s] -- Up-to-date symlink: /home/navbot/dev_ws/install/my_bot/share/my_bot/launch/slam.launch.py
[0.050s] -- Up-to-date symlink: /home/navbot/dev_ws/install/my_bot/share/my_bot/maps/my_map.pgm
[0.050s] -- Up-to-date symlink: /home/navbot/dev_ws/install/my_bot/share/my_bot/maps/my_map.yaml
[0.050s] -- Up-to-date symlink: /home/navbot/dev_ws/install/my_bot/share/my_bot/worlds/empty.world
[0.050s] -- Up-to-date symlink: /home/navbot/dev_ws/install/my_bot/share/my_bot/worlds/simple_world.world
[0.050s] -- Up-to-date symlink: /home/navbot/dev_ws/install/my_bot/lib/my_bot/lidar_avoider.py
[0.050s] -- Up-to-date symlink: /home/navbot/dev_ws/install/my_bot/lib/my_bot/explorer.py
[0.050s] -- Up-to-date symlink: /home/navbot/dev_ws/install/my_bot/lib/my_bot/map_auto_saver.py
[0.050s] CMake Error at ament_cmake_symlink_install/ament_cmake_symlink_install.cmake:209 (message):
[0.051s]   ament_cmake_symlink_install_programs() can't find
[0.051s]   '/home/navbot/dev_ws/src/my_bot/scripts/save_map.sh'
[0.051s] Call Stack (most recent call first):
[0.051s]   ament_cmake_symlink_install/ament_cmake_symlink_install.cmake:322 (ament_cmake_symlink_install_programs)
[0.051s]   cmake_install.cmake:46 (include)
[0.051s] 
[0.051s] 
[0.051s] Invoked command in '/home/navbot/dev_ws/build/my_bot' returned '1': CMAKE_PREFIX_PATH=${CMAKE_PREFIX_PATH}:/opt/ros/jazzy DEBUGINFOD_URLS=https://debuginfod.ubuntu.com /usr/bin/cmake --install /home/navbot/dev_ws/build/my_bot
