[0.008s] Invoking command in '/home/navbot/dev_ws/src/build/my_bot': CMAKE_PREFIX_PATH=${CMAKE_PREFIX_PATH}:/opt/ros/jazzy DEBUGINFOD_URLS=https://debuginfod.ubuntu.com /usr/bin/cmake /home/navbot/dev_ws/src/my_bot -DCMAKE_INSTALL_PREFIX=/home/navbot/dev_ws/src/install/my_bot
[0.136s] -- The C compiler identification is GNU 13.3.0
[0.228s] -- The CXX compiler identification is GNU 13.3.0
[0.246s] -- Detecting C compiler ABI info
[0.327s] -- Detecting C compiler ABI info - done
[0.335s] -- Check for working C compiler: /usr/bin/cc - skipped
[0.335s] -- Detecting C compile features
[0.335s] -- Detecting C compile features - done
[0.343s] -- Detecting CXX compiler ABI info
[0.417s] -- Detecting CXX compiler ABI info - done
[0.426s] -- Check for working CXX compiler: /usr/bin/c++ - skipped
[0.426s] -- Detecting CXX compile features
[0.426s] -- Detecting CXX compile features - done
[0.430s] -- Found ament_cmake: 2.5.6 (/opt/ros/jazzy/share/ament_cmake/cmake)
[0.561s] -- Found Python3: /usr/bin/python3 (found version "3.12.3") found components: Interpreter 
[0.663s] -- Found ament_lint_auto: 0.17.5 (/opt/ros/jazzy/share/ament_lint_auto/cmake)
[0.762s] -- Added test 'copyright' to check source files copyright and LICENSE
[0.767s] -- Added test 'flake8' to check Python code syntax and style conventions
[0.767s] -- Configured 'flake8' exclude dirs and/or files: 
[0.768s] -- Added test 'lint_cmake' to check CMake code style
[0.769s] -- Added test 'pep257' to check Python code against some of the docstring style conventions in PEP 257
[0.772s] -- Added test 'xmllint' to check XML markup files
[0.773s] -- Configuring done (0.7s)
[0.776s] -- Generating done (0.0s)
[0.778s] -- Build files have been written to: /home/navbot/dev_ws/src/build/my_bot
[0.782s] Invoked command in '/home/navbot/dev_ws/src/build/my_bot' returned '0': CMAKE_PREFIX_PATH=${CMAKE_PREFIX_PATH}:/opt/ros/jazzy DEBUGINFOD_URLS=https://debuginfod.ubuntu.com /usr/bin/cmake /home/navbot/dev_ws/src/my_bot -DCMAKE_INSTALL_PREFIX=/home/navbot/dev_ws/src/install/my_bot
[0.783s] Invoking command in '/home/navbot/dev_ws/src/build/my_bot': CMAKE_PREFIX_PATH=${CMAKE_PREFIX_PATH}:/opt/ros/jazzy DEBUGINFOD_URLS=https://debuginfod.ubuntu.com /usr/bin/cmake --build /home/navbot/dev_ws/src/build/my_bot -- -j8 -l8
[0.813s] Invoked command in '/home/navbot/dev_ws/src/build/my_bot' returned '0': CMAKE_PREFIX_PATH=${CMAKE_PREFIX_PATH}:/opt/ros/jazzy DEBUGINFOD_URLS=https://debuginfod.ubuntu.com /usr/bin/cmake --build /home/navbot/dev_ws/src/build/my_bot -- -j8 -l8
[0.820s] Invoking command in '/home/navbot/dev_ws/src/build/my_bot': CMAKE_PREFIX_PATH=${CMAKE_PREFIX_PATH}:/opt/ros/jazzy DEBUGINFOD_URLS=https://debuginfod.ubuntu.com /usr/bin/cmake --install /home/navbot/dev_ws/src/build/my_bot
[0.827s] -- Install configuration: ""
[0.827s] -- Installing: /home/navbot/dev_ws/src/install/my_bot/share/my_bot/config
[0.827s] -- Installing: /home/navbot/dev_ws/src/install/my_bot/share/my_bot/config/empty.yaml
[0.827s] -- Installing: /home/navbot/dev_ws/src/install/my_bot/share/my_bot/config/gz_bridge.yaml
[0.827s] -- Installing: /home/navbot/dev_ws/src/install/my_bot/share/my_bot/description
[0.827s] -- Installing: /home/navbot/dev_ws/src/install/my_bot/share/my_bot/description/robot_core.xacro
[0.827s] -- Installing: /home/navbot/dev_ws/src/install/my_bot/share/my_bot/description/gazebo_control.xacro
[0.828s] -- Installing: /home/navbot/dev_ws/src/install/my_bot/share/my_bot/description/robot.urdf.xacro
[0.828s] -- Installing: /home/navbot/dev_ws/src/install/my_bot/share/my_bot/description/inertial_macros.xacro
[0.828s] -- Installing: /home/navbot/dev_ws/src/install/my_bot/share/my_bot/launch
[0.828s] -- Installing: /home/navbot/dev_ws/src/install/my_bot/share/my_bot/launch/launch_sim.launch.py
[0.828s] -- Installing: /home/navbot/dev_ws/src/install/my_bot/share/my_bot/launch/rsp.launch.py
[0.828s] -- Installing: /home/navbot/dev_ws/src/install/my_bot/share/my_bot/worlds
[0.828s] -- Installing: /home/navbot/dev_ws/src/install/my_bot/share/my_bot/worlds/empty.world
[0.828s] -- Installing: /home/navbot/dev_ws/src/install/my_bot/share/ament_index/resource_index/package_run_dependencies/my_bot
[0.828s] -- Installing: /home/navbot/dev_ws/src/install/my_bot/share/ament_index/resource_index/parent_prefix_path/my_bot
[0.828s] -- Installing: /home/navbot/dev_ws/src/install/my_bot/share/my_bot/environment/ament_prefix_path.sh
[0.829s] -- Installing: /home/navbot/dev_ws/src/install/my_bot/share/my_bot/environment/ament_prefix_path.dsv
[0.829s] -- Installing: /home/navbot/dev_ws/src/install/my_bot/share/my_bot/environment/path.sh
[0.829s] -- Installing: /home/navbot/dev_ws/src/install/my_bot/share/my_bot/environment/path.dsv
[0.829s] -- Installing: /home/navbot/dev_ws/src/install/my_bot/share/my_bot/local_setup.bash
[0.829s] -- Installing: /home/navbot/dev_ws/src/install/my_bot/share/my_bot/local_setup.sh
[0.829s] -- Installing: /home/navbot/dev_ws/src/install/my_bot/share/my_bot/local_setup.zsh
[0.829s] -- Installing: /home/navbot/dev_ws/src/install/my_bot/share/my_bot/local_setup.dsv
[0.829s] -- Installing: /home/navbot/dev_ws/src/install/my_bot/share/my_bot/package.dsv
[0.829s] -- Installing: /home/navbot/dev_ws/src/install/my_bot/share/ament_index/resource_index/packages/my_bot
[0.829s] -- Installing: /home/navbot/dev_ws/src/install/my_bot/share/my_bot/cmake/my_botConfig.cmake
[0.829s] -- Installing: /home/navbot/dev_ws/src/install/my_bot/share/my_bot/cmake/my_botConfig-version.cmake
[0.829s] -- Installing: /home/navbot/dev_ws/src/install/my_bot/share/my_bot/package.xml
[0.830s] Invoked command in '/home/navbot/dev_ws/src/build/my_bot' returned '0': CMAKE_PREFIX_PATH=${CMAKE_PREFIX_PATH}:/opt/ros/jazzy DEBUGINFOD_URLS=https://debuginfod.ubuntu.com /usr/bin/cmake --install /home/navbot/dev_ws/src/build/my_bot
