-- Install configuration: ""
-- Up-to-date: /home/navbot/dev_ws/src/install/my_bot/share/my_bot/config
-- Up-to-date: /home/navbot/dev_ws/src/install/my_bot/share/my_bot/config/empty.yaml
-- Up-to-date: /home/navbot/dev_ws/src/install/my_bot/share/my_bot/config/slam_toolbox_params.yaml
-- Up-to-date: /home/navbot/dev_ws/src/install/my_bot/share/my_bot/config/slam.rviz
-- Up-to-date: /home/navbot/dev_ws/src/install/my_bot/share/my_bot/config/amcl_params.yaml
-- Up-to-date: /home/navbot/dev_ws/src/install/my_bot/share/my_bot/config/gz_bridge.yaml
-- Up-to-date: /home/navbot/dev_ws/src/install/my_bot/share/my_bot/description
-- Up-to-date: /home/navbot/dev_ws/src/install/my_bot/share/my_bot/description/robot_core.xacro
-- Up-to-date: /home/navbot/dev_ws/src/install/my_bot/share/my_bot/description/lidar.xacro
-- Up-to-date: /home/navbot/dev_ws/src/install/my_bot/share/my_bot/description/gazebo_control.xacro
-- Up-to-date: /home/navbot/dev_ws/src/install/my_bot/share/my_bot/description/robot.urdf.xacro
-- Up-to-date: /home/navbot/dev_ws/src/install/my_bot/share/my_bot/description/inertial_macros.xacro
-- Up-to-date: /home/navbot/dev_ws/src/install/my_bot/share/my_bot/launch
-- Up-to-date: /home/navbot/dev_ws/src/install/my_bot/share/my_bot/launch/localization.launch.py
-- Up-to-date: /home/navbot/dev_ws/src/install/my_bot/share/my_bot/launch/mapping.launch.py
-- Up-to-date: /home/navbot/dev_ws/src/install/my_bot/share/my_bot/launch/launch_sim.launch.py
-- Up-to-date: /home/navbot/dev_ws/src/install/my_bot/share/my_bot/launch/slam.launch.py
-- Up-to-date: /home/navbot/dev_ws/src/install/my_bot/share/my_bot/launch/rsp.launch.py
-- Up-to-date: /home/navbot/dev_ws/src/install/my_bot/share/my_bot/maps
-- Installing: /home/navbot/dev_ws/src/install/my_bot/share/my_bot/maps/my_map.pgm
-- Installing: /home/navbot/dev_ws/src/install/my_bot/share/my_bot/maps/my_map.yaml
-- Up-to-date: /home/navbot/dev_ws/src/install/my_bot/share/my_bot/worlds
-- Up-to-date: /home/navbot/dev_ws/src/install/my_bot/share/my_bot/worlds/empty.world
-- Up-to-date: /home/navbot/dev_ws/src/install/my_bot/share/my_bot/worlds/simple_world.world
-- Up-to-date: /home/navbot/dev_ws/src/install/my_bot/lib/my_bot/lidar_avoider.py
-- Up-to-date: /home/navbot/dev_ws/src/install/my_bot/lib/my_bot/explorer.py
-- Up-to-date: /home/navbot/dev_ws/src/install/my_bot/lib/my_bot/map_auto_saver.py
-- Up-to-date: /home/navbot/dev_ws/src/install/my_bot/lib/my_bot/map_saver.py
-- Up-to-date: /home/navbot/dev_ws/src/install/my_bot/share/ament_index/resource_index/package_run_dependencies/my_bot
-- Up-to-date: /home/navbot/dev_ws/src/install/my_bot/share/ament_index/resource_index/parent_prefix_path/my_bot
-- Up-to-date: /home/navbot/dev_ws/src/install/my_bot/share/my_bot/environment/ament_prefix_path.sh
-- Up-to-date: /home/navbot/dev_ws/src/install/my_bot/share/my_bot/environment/ament_prefix_path.dsv
-- Up-to-date: /home/navbot/dev_ws/src/install/my_bot/share/my_bot/environment/path.sh
-- Up-to-date: /home/navbot/dev_ws/src/install/my_bot/share/my_bot/environment/path.dsv
-- Up-to-date: /home/navbot/dev_ws/src/install/my_bot/share/my_bot/local_setup.bash
-- Up-to-date: /home/navbot/dev_ws/src/install/my_bot/share/my_bot/local_setup.sh
-- Up-to-date: /home/navbot/dev_ws/src/install/my_bot/share/my_bot/local_setup.zsh
-- Up-to-date: /home/navbot/dev_ws/src/install/my_bot/share/my_bot/local_setup.dsv
-- Installing: /home/navbot/dev_ws/src/install/my_bot/share/my_bot/package.dsv
-- Up-to-date: /home/navbot/dev_ws/src/install/my_bot/share/ament_index/resource_index/packages/my_bot
-- Up-to-date: /home/navbot/dev_ws/src/install/my_bot/share/my_bot/cmake/my_botConfig.cmake
-- Up-to-date: /home/navbot/dev_ws/src/install/my_bot/share/my_bot/cmake/my_botConfig-version.cmake
-- Up-to-date: /home/navbot/dev_ws/src/install/my_bot/share/my_bot/package.xml
