[0.009s] Invoking command in '/home/navbot/dev_ws/src/build/my_bot': CMAKE_PREFIX_PATH=${CMAKE_PREFIX_PATH}:/opt/ros/jazzy DEBUGINFOD_URLS=https://debuginfod.ubuntu.com /usr/bin/cmake --build /home/navbot/dev_ws/src/build/my_bot -- -j8 -l8
[0.028s] -- Found ament_cmake: 2.5.6 (/opt/ros/jazzy/share/ament_cmake/cmake)
[0.198s] -- Found ament_lint_auto: 0.17.5 (/opt/ros/jazzy/share/ament_lint_auto/cmake)
[0.280s] -- Added test 'copyright' to check source files copyright and LICENSE
[0.282s] -- Added test 'flake8' to check Python code syntax and style conventions
[0.282s] -- Configured 'flake8' exclude dirs and/or files: 
[0.283s] -- Added test 'lint_cmake' to check CMake code style
[0.283s] -- Added test 'pep257' to check Python code against some of the docstring style conventions in PEP 257
[0.284s] -- Added test 'xmllint' to check XML markup files
[0.285s] -- Configuring done (0.3s)
[0.289s] -- Generating done (0.0s)
[0.290s] -- Build files have been written to: /home/navbot/dev_ws/src/build/my_bot
[0.307s] Invoked command in '/home/navbot/dev_ws/src/build/my_bot' returned '0': CMAKE_PREFIX_PATH=${CMAKE_PREFIX_PATH}:/opt/ros/jazzy DEBUGINFOD_URLS=https://debuginfod.ubuntu.com /usr/bin/cmake --build /home/navbot/dev_ws/src/build/my_bot -- -j8 -l8
[0.314s] Invoking command in '/home/navbot/dev_ws/src/build/my_bot': CMAKE_PREFIX_PATH=${CMAKE_PREFIX_PATH}:/opt/ros/jazzy DEBUGINFOD_URLS=https://debuginfod.ubuntu.com /usr/bin/cmake --install /home/navbot/dev_ws/src/build/my_bot
[0.320s] -- Install configuration: ""
[0.320s] -- Up-to-date: /home/navbot/dev_ws/src/install/my_bot/share/my_bot/config
[0.320s] -- Installing: /home/navbot/dev_ws/src/install/my_bot/share/my_bot/config/empty.yaml
[0.320s] -- Installing: /home/navbot/dev_ws/src/install/my_bot/share/my_bot/config/slam_toolbox_params.yaml
[0.321s] -- Installing: /home/navbot/dev_ws/src/install/my_bot/share/my_bot/config/slam.rviz
[0.321s] -- Installing: /home/navbot/dev_ws/src/install/my_bot/share/my_bot/config/amcl_params.yaml
[0.321s] -- Installing: /home/navbot/dev_ws/src/install/my_bot/share/my_bot/config/gz_bridge.yaml
[0.321s] -- Up-to-date: /home/navbot/dev_ws/src/install/my_bot/share/my_bot/description
[0.321s] -- Installing: /home/navbot/dev_ws/src/install/my_bot/share/my_bot/description/robot_core.xacro
[0.321s] -- Installing: /home/navbot/dev_ws/src/install/my_bot/share/my_bot/description/lidar.xacro
[0.321s] -- Installing: /home/navbot/dev_ws/src/install/my_bot/share/my_bot/description/gazebo_control.xacro
[0.321s] -- Installing: /home/navbot/dev_ws/src/install/my_bot/share/my_bot/description/robot.urdf.xacro
[0.321s] -- Installing: /home/navbot/dev_ws/src/install/my_bot/share/my_bot/description/inertial_macros.xacro
[0.321s] -- Up-to-date: /home/navbot/dev_ws/src/install/my_bot/share/my_bot/launch
[0.321s] -- Installing: /home/navbot/dev_ws/src/install/my_bot/share/my_bot/launch/localization.launch.py
[0.322s] -- Installing: /home/navbot/dev_ws/src/install/my_bot/share/my_bot/launch/mapping.launch.py
[0.322s] -- Installing: /home/navbot/dev_ws/src/install/my_bot/share/my_bot/launch/launch_sim.launch.py
[0.322s] -- Installing: /home/navbot/dev_ws/src/install/my_bot/share/my_bot/launch/slam.launch.py
[0.322s] -- Installing: /home/navbot/dev_ws/src/install/my_bot/share/my_bot/launch/rsp.launch.py
[0.322s] -- Installing: /home/navbot/dev_ws/src/install/my_bot/share/my_bot/maps
[0.322s] -- Installing: /home/navbot/dev_ws/src/install/my_bot/share/my_bot/maps/my_map.pgm
[0.322s] -- Installing: /home/navbot/dev_ws/src/install/my_bot/share/my_bot/maps/my_map.yaml
[0.322s] -- Up-to-date: /home/navbot/dev_ws/src/install/my_bot/share/my_bot/worlds
[0.322s] -- Installing: /home/navbot/dev_ws/src/install/my_bot/share/my_bot/worlds/empty.world
[0.322s] -- Installing: /home/navbot/dev_ws/src/install/my_bot/share/my_bot/worlds/simple_world.world
[0.322s] -- Installing: /home/navbot/dev_ws/src/install/my_bot/lib/my_bot/lidar_avoider.py
[0.323s] -- Installing: /home/navbot/dev_ws/src/install/my_bot/lib/my_bot/explorer.py
[0.323s] -- Installing: /home/navbot/dev_ws/src/install/my_bot/lib/my_bot/map_auto_saver.py
[0.323s] -- Installing: /home/navbot/dev_ws/src/install/my_bot/lib/my_bot/map_saver.py
[0.323s] -- Installing: /home/navbot/dev_ws/src/install/my_bot/share/ament_index/resource_index/package_run_dependencies/my_bot
[0.323s] -- Installing: /home/navbot/dev_ws/src/install/my_bot/share/ament_index/resource_index/parent_prefix_path/my_bot
[0.323s] -- Up-to-date: /home/navbot/dev_ws/src/install/my_bot/share/my_bot/environment/ament_prefix_path.sh
[0.323s] -- Up-to-date: /home/navbot/dev_ws/src/install/my_bot/share/my_bot/environment/ament_prefix_path.dsv
[0.323s] -- Up-to-date: /home/navbot/dev_ws/src/install/my_bot/share/my_bot/environment/path.sh
[0.323s] -- Up-to-date: /home/navbot/dev_ws/src/install/my_bot/share/my_bot/environment/path.dsv
[0.323s] -- Up-to-date: /home/navbot/dev_ws/src/install/my_bot/share/my_bot/local_setup.bash
[0.323s] -- Up-to-date: /home/navbot/dev_ws/src/install/my_bot/share/my_bot/local_setup.sh
[0.323s] -- Up-to-date: /home/navbot/dev_ws/src/install/my_bot/share/my_bot/local_setup.zsh
[0.323s] -- Up-to-date: /home/navbot/dev_ws/src/install/my_bot/share/my_bot/local_setup.dsv
[0.324s] -- Up-to-date: /home/navbot/dev_ws/src/install/my_bot/share/my_bot/package.dsv
[0.324s] -- Up-to-date: /home/navbot/dev_ws/src/install/my_bot/share/ament_index/resource_index/packages/my_bot
[0.324s] -- Up-to-date: /home/navbot/dev_ws/src/install/my_bot/share/my_bot/cmake/my_botConfig.cmake
[0.324s] -- Up-to-date: /home/navbot/dev_ws/src/install/my_bot/share/my_bot/cmake/my_botConfig-version.cmake
[0.325s] -- Installing: /home/navbot/dev_ws/src/install/my_bot/share/my_bot/package.xml
[0.325s] Invoked command in '/home/navbot/dev_ws/src/build/my_bot' returned '0': CMAKE_PREFIX_PATH=${CMAKE_PREFIX_PATH}:/opt/ros/jazzy DEBUGINFOD_URLS=https://debuginfod.ubuntu.com /usr/bin/cmake --install /home/navbot/dev_ws/src/build/my_bot
