[0.008s] Invoking command in '/home/navbot/dev_ws/build/my_bot': CMAKE_PREFIX_PATH=${CMAKE_PREFIX_PATH}:/opt/ros/jazzy DEBUGINFOD_URLS=https://debuginfod.ubuntu.com /usr/bin/cmake /home/navbot/dev_ws/src/my_bot -DAMENT_CMAKE_SYMLINK_INSTALL=1 -DCMAKE_INSTALL_PREFIX=/home/navbot/dev_ws/install/my_bot
[0.063s] -- The C compiler identification is GNU 13.3.0
[0.108s] -- The CXX compiler identification is GNU 13.3.0
[0.121s] -- Detecting C compiler ABI info
[0.185s] -- Detecting C compiler ABI info - done
[0.193s] -- Check for working C compiler: /usr/bin/cc - skipped
[0.193s] -- Detecting C compile features
[0.193s] -- Detecting C compile features - done
[0.200s] -- Detecting CXX compiler ABI info
[0.275s] -- Detecting CXX compiler ABI info - done
[0.283s] -- Check for working CXX compiler: /usr/bin/c++ - skipped
[0.283s] -- Detecting CXX compile features
[0.284s] -- Detecting CXX compile features - done
[0.286s] -- Found ament_cmake: 2.5.6 (/opt/ros/jazzy/share/ament_cmake/cmake)
[0.408s] -- Found Python3: /usr/bin/python3 (found version "3.12.3") found components: Interpreter 
[0.471s] -- Override CMake install command with custom implementation using symlinks instead of copying resources
[0.508s] -- Found ament_lint_auto: 0.17.5 (/opt/ros/jazzy/share/ament_lint_auto/cmake)
[0.604s] -- Added test 'copyright' to check source files copyright and LICENSE
[0.609s] -- Added test 'flake8' to check Python code syntax and style conventions
[0.609s] -- Configured 'flake8' exclude dirs and/or files: 
[0.610s] -- Added test 'lint_cmake' to check CMake code style
[0.610s] -- Added test 'pep257' to check Python code against some of the docstring style conventions in PEP 257
[0.613s] -- Added test 'xmllint' to check XML markup files
[0.615s] -- Configuring done (0.6s)
[0.617s] -- Generating done (0.0s)
[0.618s] -- Build files have been written to: /home/navbot/dev_ws/build/my_bot
[0.622s] Invoked command in '/home/navbot/dev_ws/build/my_bot' returned '0': CMAKE_PREFIX_PATH=${CMAKE_PREFIX_PATH}:/opt/ros/jazzy DEBUGINFOD_URLS=https://debuginfod.ubuntu.com /usr/bin/cmake /home/navbot/dev_ws/src/my_bot -DAMENT_CMAKE_SYMLINK_INSTALL=1 -DCMAKE_INSTALL_PREFIX=/home/navbot/dev_ws/install/my_bot
[0.623s] Invoking command in '/home/navbot/dev_ws/build/my_bot': CMAKE_PREFIX_PATH=${CMAKE_PREFIX_PATH}:/opt/ros/jazzy DEBUGINFOD_URLS=https://debuginfod.ubuntu.com /usr/bin/cmake --build /home/navbot/dev_ws/build/my_bot -- -j8 -l8
[0.653s] Invoked command in '/home/navbot/dev_ws/build/my_bot' returned '0': CMAKE_PREFIX_PATH=${CMAKE_PREFIX_PATH}:/opt/ros/jazzy DEBUGINFOD_URLS=https://debuginfod.ubuntu.com /usr/bin/cmake --build /home/navbot/dev_ws/build/my_bot -- -j8 -l8
[0.660s] Invoking command in '/home/navbot/dev_ws/build/my_bot': CMAKE_PREFIX_PATH=${CMAKE_PREFIX_PATH}:/opt/ros/jazzy DEBUGINFOD_URLS=https://debuginfod.ubuntu.com /usr/bin/cmake --install /home/navbot/dev_ws/build/my_bot
[0.666s] -- Install configuration: ""
[0.667s] -- Execute custom install script
[0.667s] -- Symlinking: /home/navbot/dev_ws/install/my_bot/share/my_bot/config/empty.yaml
[0.674s] -- Symlinking: /home/navbot/dev_ws/install/my_bot/share/my_bot/config/gz_bridge.yaml
[0.681s] -- Symlinking: /home/navbot/dev_ws/install/my_bot/share/my_bot/description/gazebo_control.xacro
[0.687s] -- Symlinking: /home/navbot/dev_ws/install/my_bot/share/my_bot/description/inertial_macros.xacro
[0.694s] -- Symlinking: /home/navbot/dev_ws/install/my_bot/share/my_bot/description/robot.urdf.xacro
[0.701s] -- Symlinking: /home/navbot/dev_ws/install/my_bot/share/my_bot/description/robot_core.xacro
[0.709s] -- Symlinking: /home/navbot/dev_ws/install/my_bot/share/my_bot/launch/launch_sim.launch.py
[0.716s] -- Symlinking: /home/navbot/dev_ws/install/my_bot/share/my_bot/launch/rsp.launch.py
[0.722s] -- Symlinking: /home/navbot/dev_ws/install/my_bot/share/my_bot/worlds/empty.world
[0.729s] -- Symlinking: /home/navbot/dev_ws/install/my_bot/share/ament_index/resource_index/package_run_dependencies/my_bot
[0.736s] -- Symlinking: /home/navbot/dev_ws/install/my_bot/share/ament_index/resource_index/parent_prefix_path/my_bot
[0.743s] -- Symlinking: /home/navbot/dev_ws/install/my_bot/share/my_bot/environment/ament_prefix_path.sh
[0.749s] -- Symlinking: /home/navbot/dev_ws/install/my_bot/share/my_bot/environment/ament_prefix_path.dsv
[0.756s] -- Symlinking: /home/navbot/dev_ws/install/my_bot/share/my_bot/environment/path.sh
[0.763s] -- Symlinking: /home/navbot/dev_ws/install/my_bot/share/my_bot/environment/path.dsv
[0.769s] -- Symlinking: /home/navbot/dev_ws/install/my_bot/share/my_bot/local_setup.bash
[0.776s] -- Symlinking: /home/navbot/dev_ws/install/my_bot/share/my_bot/local_setup.sh
[0.783s] -- Symlinking: /home/navbot/dev_ws/install/my_bot/share/my_bot/local_setup.zsh
[0.790s] -- Symlinking: /home/navbot/dev_ws/install/my_bot/share/my_bot/local_setup.dsv
[0.796s] -- Symlinking: /home/navbot/dev_ws/install/my_bot/share/my_bot/package.dsv
[0.804s] -- Symlinking: /home/navbot/dev_ws/install/my_bot/share/ament_index/resource_index/packages/my_bot
[0.811s] -- Symlinking: /home/navbot/dev_ws/install/my_bot/share/my_bot/cmake/my_botConfig.cmake
[0.818s] -- Symlinking: /home/navbot/dev_ws/install/my_bot/share/my_bot/cmake/my_botConfig-version.cmake
[0.824s] -- Symlinking: /home/navbot/dev_ws/install/my_bot/share/my_bot/package.xml
[0.832s] Invoked command in '/home/navbot/dev_ws/build/my_bot' returned '0': CMAKE_PREFIX_PATH=${CMAKE_PREFIX_PATH}:/opt/ros/jazzy DEBUGINFOD_URLS=https://debuginfod.ubuntu.com /usr/bin/cmake --install /home/navbot/dev_ws/build/my_bot
