[0.010s] Invoking command in '/home/navbot/dev_ws/build/my_bot': CMAKE_PREFIX_PATH=${CMAKE_PREFIX_PATH}:/opt/ros/jazzy DEBUGINFOD_URLS=https://debuginfod.ubuntu.com /usr/bin/cmake /home/navbot/dev_ws/src/my_bot -DAMENT_CMAKE_SYMLINK_INSTALL=1 -DCMAKE_INSTALL_PREFIX=/home/navbot/dev_ws/install/my_bot
[0.020s] -- Found ament_cmake: 2.5.6 (/opt/ros/jazzy/share/ament_cmake/cmake)
[0.194s] -- Override CMake install command with custom implementation using symlinks instead of copying resources
[0.201s] -- Found ament_lint_auto: 0.17.5 (/opt/ros/jazzy/share/ament_lint_auto/cmake)
[0.281s] -- Added test 'copyright' to check source files copyright and LICENSE
[0.290s] -- Added test 'flake8' to check Python code syntax and style conventions
[0.290s] -- Configured 'flake8' exclude dirs and/or files: 
[0.291s] -- Added test 'lint_cmake' to check CMake code style
[0.292s] -- Added test 'pep257' to check Python code against some of the docstring style conventions in PEP 257
[0.297s] -- Added test 'xmllint' to check XML markup files
[0.297s] -- Configuring done (0.3s)
[0.300s] -- Generating done (0.0s)
[0.302s] -- Build files have been written to: /home/navbot/dev_ws/build/my_bot
[0.305s] Invoked command in '/home/navbot/dev_ws/build/my_bot' returned '0': CMAKE_PREFIX_PATH=${CMAKE_PREFIX_PATH}:/opt/ros/jazzy DEBUGINFOD_URLS=https://debuginfod.ubuntu.com /usr/bin/cmake /home/navbot/dev_ws/src/my_bot -DAMENT_CMAKE_SYMLINK_INSTALL=1 -DCMAKE_INSTALL_PREFIX=/home/navbot/dev_ws/install/my_bot
[0.306s] Invoking command in '/home/navbot/dev_ws/build/my_bot': CMAKE_PREFIX_PATH=${CMAKE_PREFIX_PATH}:/opt/ros/jazzy DEBUGINFOD_URLS=https://debuginfod.ubuntu.com /usr/bin/cmake --build /home/navbot/dev_ws/build/my_bot -- -j8 -l8
[0.336s] Invoked command in '/home/navbot/dev_ws/build/my_bot' returned '0': CMAKE_PREFIX_PATH=${CMAKE_PREFIX_PATH}:/opt/ros/jazzy DEBUGINFOD_URLS=https://debuginfod.ubuntu.com /usr/bin/cmake --build /home/navbot/dev_ws/build/my_bot -- -j8 -l8
[0.344s] Invoking command in '/home/navbot/dev_ws/build/my_bot': CMAKE_PREFIX_PATH=${CMAKE_PREFIX_PATH}:/opt/ros/jazzy DEBUGINFOD_URLS=https://debuginfod.ubuntu.com /usr/bin/cmake --install /home/navbot/dev_ws/build/my_bot
[0.350s] -- Install configuration: ""
[0.350s] -- Execute custom install script
[0.351s] -- Up-to-date symlink: /home/navbot/dev_ws/install/my_bot/share/my_bot/config/empty.yaml
[0.351s] -- Up-to-date symlink: /home/navbot/dev_ws/install/my_bot/share/my_bot/config/gz_bridge.yaml
[0.351s] -- Up-to-date symlink: /home/navbot/dev_ws/install/my_bot/share/my_bot/config/slam.rviz
[0.351s] -- Up-to-date symlink: /home/navbot/dev_ws/install/my_bot/share/my_bot/config/slam_toolbox_params.yaml
[0.351s] -- Up-to-date symlink: /home/navbot/dev_ws/install/my_bot/share/my_bot/description/gazebo_control.xacro
[0.351s] -- Up-to-date symlink: /home/navbot/dev_ws/install/my_bot/share/my_bot/description/inertial_macros.xacro
[0.351s] -- Up-to-date symlink: /home/navbot/dev_ws/install/my_bot/share/my_bot/description/lidar.xacro
[0.351s] -- Up-to-date symlink: /home/navbot/dev_ws/install/my_bot/share/my_bot/description/robot.urdf.xacro
[0.351s] -- Up-to-date symlink: /home/navbot/dev_ws/install/my_bot/share/my_bot/description/robot_core.xacro
[0.352s] -- Up-to-date symlink: /home/navbot/dev_ws/install/my_bot/share/my_bot/launch/launch_sim.launch.py
[0.352s] -- Up-to-date symlink: /home/navbot/dev_ws/install/my_bot/share/my_bot/launch/rsp.launch.py
[0.352s] -- Up-to-date symlink: /home/navbot/dev_ws/install/my_bot/share/my_bot/launch/slam.launch.py
[0.352s] -- Up-to-date symlink: /home/navbot/dev_ws/install/my_bot/share/my_bot/worlds/empty.world
[0.352s] -- Up-to-date symlink: /home/navbot/dev_ws/install/my_bot/share/my_bot/worlds/simple_world.world
[0.352s] -- Up-to-date symlink: /home/navbot/dev_ws/install/my_bot/lib/my_bot/lidar_avoider.py
[0.352s] -- Up-to-date symlink: /home/navbot/dev_ws/install/my_bot/lib/my_bot/explorer.py
[0.352s] -- Up-to-date symlink: /home/navbot/dev_ws/install/my_bot/share/ament_index/resource_index/package_run_dependencies/my_bot
[0.353s] -- Up-to-date symlink: /home/navbot/dev_ws/install/my_bot/share/ament_index/resource_index/parent_prefix_path/my_bot
[0.353s] -- Up-to-date symlink: /home/navbot/dev_ws/install/my_bot/share/my_bot/environment/ament_prefix_path.sh
[0.353s] -- Up-to-date symlink: /home/navbot/dev_ws/install/my_bot/share/my_bot/environment/ament_prefix_path.dsv
[0.353s] -- Up-to-date symlink: /home/navbot/dev_ws/install/my_bot/share/my_bot/environment/path.sh
[0.353s] -- Up-to-date symlink: /home/navbot/dev_ws/install/my_bot/share/my_bot/environment/path.dsv
[0.353s] -- Up-to-date symlink: /home/navbot/dev_ws/install/my_bot/share/my_bot/local_setup.bash
[0.353s] -- Up-to-date symlink: /home/navbot/dev_ws/install/my_bot/share/my_bot/local_setup.sh
[0.353s] -- Up-to-date symlink: /home/navbot/dev_ws/install/my_bot/share/my_bot/local_setup.zsh
[0.354s] -- Up-to-date symlink: /home/navbot/dev_ws/install/my_bot/share/my_bot/local_setup.dsv
[0.354s] -- Symlinking: /home/navbot/dev_ws/install/my_bot/share/my_bot/package.dsv
[0.361s] -- Up-to-date symlink: /home/navbot/dev_ws/install/my_bot/share/ament_index/resource_index/packages/my_bot
[0.361s] -- Up-to-date symlink: /home/navbot/dev_ws/install/my_bot/share/my_bot/cmake/my_botConfig.cmake
[0.361s] -- Up-to-date symlink: /home/navbot/dev_ws/install/my_bot/share/my_bot/cmake/my_botConfig-version.cmake
[0.361s] -- Up-to-date symlink: /home/navbot/dev_ws/install/my_bot/share/my_bot/package.xml
[0.362s] Invoked command in '/home/navbot/dev_ws/build/my_bot' returned '0': CMAKE_PREFIX_PATH=${CMAKE_PREFIX_PATH}:/opt/ros/jazzy DEBUGINFOD_URLS=https://debuginfod.ubuntu.com /usr/bin/cmake --install /home/navbot/dev_ws/build/my_bot
